[13-Sep-2017 23:35:27 Asia/tokyo] PHP Fatal error:  Call to undefined method stdClass::save() in /home/ubuntu/workspace/myblog/vendor/psy/psysh/src/Psy/ExecutionLoop/Loop.php(79) : eval()'d code on line 1
[13-Sep-2017 23:35:27 Asia/tokyo] PHP Stack trace:
[13-Sep-2017 23:35:27 Asia/tokyo] PHP   1. {main}() /home/ubuntu/workspace/myblog/artisan:0
[13-Sep-2017 23:35:27 Asia/tokyo] PHP   2. Illuminate\Foundation\Console\Kernel->handle() /home/ubuntu/workspace/myblog/artisan:36
[13-Sep-2017 23:35:27 Asia/tokyo] PHP   3. Symfony\Component\Console\Application->run() /home/ubuntu/workspace/myblog/vendor/laravel/framework/src/Illuminate/Foundation/Console/Kernel.php:107
[13-Sep-2017 23:35:27 Asia/tokyo] PHP   4. Symfony\Component\Console\Application->doRun() /home/ubuntu/workspace/myblog/vendor/symfony/console/Application.php:117
[13-Sep-2017 23:35:27 Asia/tokyo] PHP   5. Symfony\Component\Console\Application->doRunCommand() /home/ubuntu/workspace/myblog/vendor/symfony/console/Application.php:186
[13-Sep-2017 23:35:27 Asia/tokyo] PHP   6. Illuminate\Console\Command->run() /home/ubuntu/workspace/myblog/vendor/symfony/console/Application.php:794
[13-Sep-2017 23:35:27 Asia/tokyo] PHP   7. Symfony\Component\Console\Command\Command->run() /home/ubuntu/workspace/myblog/vendor/laravel/framework/src/Illuminate/Console/Command.php:155
[13-Sep-2017 23:35:27 Asia/tokyo] PHP   8. Illuminate\Console\Command->execute() /home/ubuntu/workspace/myblog/vendor/symfony/console/Command/Command.php:256
[13-Sep-2017 23:35:27 Asia/tokyo] PHP   9. Illuminate\Container\Container->call() /home/ubuntu/workspace/myblog/vendor/laravel/framework/src/Illuminate/Console/Command.php:169
[13-Sep-2017 23:35:27 Asia/tokyo] PHP  10. call_user_func_array:{/home/ubuntu/workspace/myblog/vendor/laravel/framework/src/Illuminate/Container/Container.php:507}() /home/ubuntu/workspace/myblog/vendor/laravel/framework/src/Illuminate/Container/Container.php:507
[13-Sep-2017 23:35:27 Asia/tokyo] PHP  11. Illuminate\Foundation\Console\TinkerCommand->fire() /home/ubuntu/workspace/myblog/vendor/laravel/framework/src/Illuminate/Container/Container.php:507
[13-Sep-2017 23:35:27 Asia/tokyo] PHP  12. Psy\Shell->run() /home/ubuntu/workspace/myblog/vendor/laravel/framework/src/Illuminate/Foundation/Console/TinkerCommand.php:54
[13-Sep-2017 23:35:27 Asia/tokyo] PHP  13. Symfony\Component\Console\Application->run() /home/ubuntu/workspace/myblog/vendor/psy/psysh/src/Psy/Shell.php:273
[13-Sep-2017 23:35:27 Asia/tokyo] PHP  14. Psy\Shell->doRun() /home/ubuntu/workspace/myblog/vendor/symfony/console/Application.php:117
[13-Sep-2017 23:35:27 Asia/tokyo] PHP  15. Psy\ExecutionLoop\ForkingLoop->run() /home/ubuntu/workspace/myblog/vendor/psy/psysh/src/Psy/Shell.php:307
[13-Sep-2017 23:35:27 Asia/tokyo] PHP  16. Psy\ExecutionLoop\Loop->run() /home/ubuntu/workspace/myblog/vendor/psy/psysh/src/Psy/ExecutionLoop/ForkingLoop.php:79
[13-Sep-2017 23:35:27 Asia/tokyo] PHP  17. Psy\ExecutionLoop\{closure}() /home/ubuntu/workspace/myblog/vendor/psy/psysh/src/Psy/ExecutionLoop/Loop.php:135
[13-Sep-2017 23:35:27 Asia/tokyo] PHP  18. eval() /home/ubuntu/workspace/myblog/vendor/psy/psysh/src/Psy/ExecutionLoop/Loop.php:79
[13-Sep-2017 23:35:53 Asia/tokyo] PHP Fatal error:  Call to undefined method stdClass::save() in /home/ubuntu/workspace/myblog/vendor/psy/psysh/src/Psy/ExecutionLoop/Loop.php(79) : eval()'d code on line 1
[13-Sep-2017 23:35:53 Asia/tokyo] PHP Stack trace:
[13-Sep-2017 23:35:53 Asia/tokyo] PHP   1. {main}() /home/ubuntu/workspace/myblog/artisan:0
[13-Sep-2017 23:35:53 Asia/tokyo] PHP   2. Illuminate\Foundation\Console\Kernel->handle() /home/ubuntu/workspace/myblog/artisan:36
[13-Sep-2017 23:35:53 Asia/tokyo] PHP   3. Symfony\Component\Console\Application->run() /home/ubuntu/workspace/myblog/vendor/laravel/framework/src/Illuminate/Foundation/Console/Kernel.php:107
[13-Sep-2017 23:35:53 Asia/tokyo] PHP   4. Symfony\Component\Console\Application->doRun() /home/ubuntu/workspace/myblog/vendor/symfony/console/Application.php:117
[13-Sep-2017 23:35:53 Asia/tokyo] PHP   5. Symfony\Component\Console\Application->doRunCommand() /home/ubuntu/workspace/myblog/vendor/symfony/console/Application.php:186
[13-Sep-2017 23:35:53 Asia/tokyo] PHP   6. Illuminate\Console\Command->run() /home/ubuntu/workspace/myblog/vendor/symfony/console/Application.php:794
[13-Sep-2017 23:35:53 Asia/tokyo] PHP   7. Symfony\Component\Console\Command\Command->run() /home/ubuntu/workspace/myblog/vendor/laravel/framework/src/Illuminate/Console/Command.php:155
[13-Sep-2017 23:35:53 Asia/tokyo] PHP   8. Illuminate\Console\Command->execute() /home/ubuntu/workspace/myblog/vendor/symfony/console/Command/Command.php:256
[13-Sep-2017 23:35:53 Asia/tokyo] PHP   9. Illuminate\Container\Container->call() /home/ubuntu/workspace/myblog/vendor/laravel/framework/src/Illuminate/Console/Command.php:169
[13-Sep-2017 23:35:53 Asia/tokyo] PHP  10. call_user_func_array:{/home/ubuntu/workspace/myblog/vendor/laravel/framework/src/Illuminate/Container/Container.php:507}() /home/ubuntu/workspace/myblog/vendor/laravel/framework/src/Illuminate/Container/Container.php:507
[13-Sep-2017 23:35:53 Asia/tokyo] PHP  11. Illuminate\Foundation\Console\TinkerCommand->fire() /home/ubuntu/workspace/myblog/vendor/laravel/framework/src/Illuminate/Container/Container.php:507
[13-Sep-2017 23:35:53 Asia/tokyo] PHP  12. Psy\Shell->run() /home/ubuntu/workspace/myblog/vendor/laravel/framework/src/Illuminate/Foundation/Console/TinkerCommand.php:54
[13-Sep-2017 23:35:53 Asia/tokyo] PHP  13. Symfony\Component\Console\Application->run() /home/ubuntu/workspace/myblog/vendor/psy/psysh/src/Psy/Shell.php:273
[13-Sep-2017 23:35:53 Asia/tokyo] PHP  14. Psy\Shell->doRun() /home/ubuntu/workspace/myblog/vendor/symfony/console/Application.php:117
[13-Sep-2017 23:35:53 Asia/tokyo] PHP  15. Psy\ExecutionLoop\ForkingLoop->run() /home/ubuntu/workspace/myblog/vendor/psy/psysh/src/Psy/Shell.php:307
[13-Sep-2017 23:35:53 Asia/tokyo] PHP  16. Psy\ExecutionLoop\Loop->run() /home/ubuntu/workspace/myblog/vendor/psy/psysh/src/Psy/ExecutionLoop/ForkingLoop.php:79
[13-Sep-2017 23:35:53 Asia/tokyo] PHP  17. Psy\ExecutionLoop\{closure}() /home/ubuntu/workspace/myblog/vendor/psy/psysh/src/Psy/ExecutionLoop/Loop.php:135
[13-Sep-2017 23:35:53 Asia/tokyo] PHP  18. eval() /home/ubuntu/workspace/myblog/vendor/psy/psysh/src/Psy/ExecutionLoop/Loop.php:79
[13-Sep-2017 23:36:11 Asia/tokyo] PHP Fatal error:  Call to undefined method stdClass::save() in /home/ubuntu/workspace/myblog/vendor/psy/psysh/src/Psy/ExecutionLoop/Loop.php(79) : eval()'d code on line 1
[13-Sep-2017 23:36:11 Asia/tokyo] PHP Stack trace:
[13-Sep-2017 23:36:11 Asia/tokyo] PHP   1. {main}() /home/ubuntu/workspace/myblog/artisan:0
[13-Sep-2017 23:36:11 Asia/tokyo] PHP   2. Illuminate\Foundation\Console\Kernel->handle() /home/ubuntu/workspace/myblog/artisan:36
[13-Sep-2017 23:36:11 Asia/tokyo] PHP   3. Symfony\Component\Console\Application->run() /home/ubuntu/workspace/myblog/vendor/laravel/framework/src/Illuminate/Foundation/Console/Kernel.php:107
[13-Sep-2017 23:36:11 Asia/tokyo] PHP   4. Symfony\Component\Console\Application->doRun() /home/ubuntu/workspace/myblog/vendor/symfony/console/Application.php:117
[13-Sep-2017 23:36:11 Asia/tokyo] PHP   5. Symfony\Component\Console\Application->doRunCommand() /home/ubuntu/workspace/myblog/vendor/symfony/console/Application.php:186
[13-Sep-2017 23:36:11 Asia/tokyo] PHP   6. Illuminate\Console\Command->run() /home/ubuntu/workspace/myblog/vendor/symfony/console/Application.php:794
[13-Sep-2017 23:36:11 Asia/tokyo] PHP   7. Symfony\Component\Console\Command\Command->run() /home/ubuntu/workspace/myblog/vendor/laravel/framework/src/Illuminate/Console/Command.php:155
[13-Sep-2017 23:36:11 Asia/tokyo] PHP   8. Illuminate\Console\Command->execute() /home/ubuntu/workspace/myblog/vendor/symfony/console/Command/Command.php:256
[13-Sep-2017 23:36:11 Asia/tokyo] PHP   9. Illuminate\Container\Container->call() /home/ubuntu/workspace/myblog/vendor/laravel/framework/src/Illuminate/Console/Command.php:169
[13-Sep-2017 23:36:11 Asia/tokyo] PHP  10. call_user_func_array:{/home/ubuntu/workspace/myblog/vendor/laravel/framework/src/Illuminate/Container/Container.php:507}() /home/ubuntu/workspace/myblog/vendor/laravel/framework/src/Illuminate/Container/Container.php:507
[13-Sep-2017 23:36:11 Asia/tokyo] PHP  11. Illuminate\Foundation\Console\TinkerCommand->fire() /home/ubuntu/workspace/myblog/vendor/laravel/framework/src/Illuminate/Container/Container.php:507
[13-Sep-2017 23:36:11 Asia/tokyo] PHP  12. Psy\Shell->run() /home/ubuntu/workspace/myblog/vendor/laravel/framework/src/Illuminate/Foundation/Console/TinkerCommand.php:54
[13-Sep-2017 23:36:11 Asia/tokyo] PHP  13. Symfony\Component\Console\Application->run() /home/ubuntu/workspace/myblog/vendor/psy/psysh/src/Psy/Shell.php:273
[13-Sep-2017 23:36:11 Asia/tokyo] PHP  14. Psy\Shell->doRun() /home/ubuntu/workspace/myblog/vendor/symfony/console/Application.php:117
[13-Sep-2017 23:36:11 Asia/tokyo] PHP  15. Psy\ExecutionLoop\ForkingLoop->run() /home/ubuntu/workspace/myblog/vendor/psy/psysh/src/Psy/Shell.php:307
[13-Sep-2017 23:36:11 Asia/tokyo] PHP  16. Psy\ExecutionLoop\Loop->run() /home/ubuntu/workspace/myblog/vendor/psy/psysh/src/Psy/ExecutionLoop/ForkingLoop.php:79
[13-Sep-2017 23:36:11 Asia/tokyo] PHP  17. Psy\ExecutionLoop\{closure}() /home/ubuntu/workspace/myblog/vendor/psy/psysh/src/Psy/ExecutionLoop/Loop.php:135
[13-Sep-2017 23:36:11 Asia/tokyo] PHP  18. eval() /home/ubuntu/workspace/myblog/vendor/psy/psysh/src/Psy/ExecutionLoop/Loop.php:79
[13-Sep-2017 23:37:15 Asia/tokyo] PHP Fatal error:  Call to undefined method stdClass::save() in /home/ubuntu/workspace/myblog/vendor/psy/psysh/src/Psy/ExecutionLoop/Loop.php(79) : eval()'d code on line 1
[13-Sep-2017 23:37:15 Asia/tokyo] PHP Stack trace:
[13-Sep-2017 23:37:15 Asia/tokyo] PHP   1. {main}() /home/ubuntu/workspace/myblog/artisan:0
[13-Sep-2017 23:37:15 Asia/tokyo] PHP   2. Illuminate\Foundation\Console\Kernel->handle() /home/ubuntu/workspace/myblog/artisan:36
[13-Sep-2017 23:37:15 Asia/tokyo] PHP   3. Symfony\Component\Console\Application->run() /home/ubuntu/workspace/myblog/vendor/laravel/framework/src/Illuminate/Foundation/Console/Kernel.php:107
[13-Sep-2017 23:37:15 Asia/tokyo] PHP   4. Symfony\Component\Console\Application->doRun() /home/ubuntu/workspace/myblog/vendor/symfony/console/Application.php:117
[13-Sep-2017 23:37:15 Asia/tokyo] PHP   5. Symfony\Component\Console\Application->doRunCommand() /home/ubuntu/workspace/myblog/vendor/symfony/console/Application.php:186
[13-Sep-2017 23:37:15 Asia/tokyo] PHP   6. Illuminate\Console\Command->run() /home/ubuntu/workspace/myblog/vendor/symfony/console/Application.php:794
[13-Sep-2017 23:37:15 Asia/tokyo] PHP   7. Symfony\Component\Console\Command\Command->run() /home/ubuntu/workspace/myblog/vendor/laravel/framework/src/Illuminate/Console/Command.php:155
[13-Sep-2017 23:37:15 Asia/tokyo] PHP   8. Illuminate\Console\Command->execute() /home/ubuntu/workspace/myblog/vendor/symfony/console/Command/Command.php:256
[13-Sep-2017 23:37:15 Asia/tokyo] PHP   9. Illuminate\Container\Container->call() /home/ubuntu/workspace/myblog/vendor/laravel/framework/src/Illuminate/Console/Command.php:169
[13-Sep-2017 23:37:15 Asia/tokyo] PHP  10. call_user_func_array:{/home/ubuntu/workspace/myblog/vendor/laravel/framework/src/Illuminate/Container/Container.php:507}() /home/ubuntu/workspace/myblog/vendor/laravel/framework/src/Illuminate/Container/Container.php:507
[13-Sep-2017 23:37:15 Asia/tokyo] PHP  11. Illuminate\Foundation\Console\TinkerCommand->fire() /home/ubuntu/workspace/myblog/vendor/laravel/framework/src/Illuminate/Container/Container.php:507
[13-Sep-2017 23:37:15 Asia/tokyo] PHP  12. Psy\Shell->run() /home/ubuntu/workspace/myblog/vendor/laravel/framework/src/Illuminate/Foundation/Console/TinkerCommand.php:54
[13-Sep-2017 23:37:15 Asia/tokyo] PHP  13. Symfony\Component\Console\Application->run() /home/ubuntu/workspace/myblog/vendor/psy/psysh/src/Psy/Shell.php:273
[13-Sep-2017 23:37:15 Asia/tokyo] PHP  14. Psy\Shell->doRun() /home/ubuntu/workspace/myblog/vendor/symfony/console/Application.php:117
[13-Sep-2017 23:37:15 Asia/tokyo] PHP  15. Psy\ExecutionLoop\ForkingLoop->run() /home/ubuntu/workspace/myblog/vendor/psy/psysh/src/Psy/Shell.php:307
[13-Sep-2017 23:37:15 Asia/tokyo] PHP  16. Psy\ExecutionLoop\Loop->run() /home/ubuntu/workspace/myblog/vendor/psy/psysh/src/Psy/ExecutionLoop/ForkingLoop.php:79
[13-Sep-2017 23:37:15 Asia/tokyo] PHP  17. Psy\ExecutionLoop\{closure}() /home/ubuntu/workspace/myblog/vendor/psy/psysh/src/Psy/ExecutionLoop/Loop.php:135
[13-Sep-2017 23:37:15 Asia/tokyo] PHP  18. eval() /home/ubuntu/workspace/myblog/vendor/psy/psysh/src/Psy/ExecutionLoop/Loop.php:79
[13-Sep-2017 23:37:57 Asia/tokyo] PHP Fatal error:  Call to undefined method stdClass::update() in /home/ubuntu/workspace/myblog/vendor/psy/psysh/src/Psy/ExecutionLoop/Loop.php(79) : eval()'d code on line 1
[13-Sep-2017 23:37:57 Asia/tokyo] PHP Stack trace:
[13-Sep-2017 23:37:57 Asia/tokyo] PHP   1. {main}() /home/ubuntu/workspace/myblog/artisan:0
[13-Sep-2017 23:37:57 Asia/tokyo] PHP   2. Illuminate\Foundation\Console\Kernel->handle() /home/ubuntu/workspace/myblog/artisan:36
[13-Sep-2017 23:37:57 Asia/tokyo] PHP   3. Symfony\Component\Console\Application->run() /home/ubuntu/workspace/myblog/vendor/laravel/framework/src/Illuminate/Foundation/Console/Kernel.php:107
[13-Sep-2017 23:37:57 Asia/tokyo] PHP   4. Symfony\Component\Console\Application->doRun() /home/ubuntu/workspace/myblog/vendor/symfony/console/Application.php:117
[13-Sep-2017 23:37:57 Asia/tokyo] PHP   5. Symfony\Component\Console\Application->doRunCommand() /home/ubuntu/workspace/myblog/vendor/symfony/console/Application.php:186
[13-Sep-2017 23:37:57 Asia/tokyo] PHP   6. Illuminate\Console\Command->run() /home/ubuntu/workspace/myblog/vendor/symfony/console/Application.php:794
[13-Sep-2017 23:37:57 Asia/tokyo] PHP   7. Symfony\Component\Console\Command\Command->run() /home/ubuntu/workspace/myblog/vendor/laravel/framework/src/Illuminate/Console/Command.php:155
[13-Sep-2017 23:37:57 Asia/tokyo] PHP   8. Illuminate\Console\Command->execute() /home/ubuntu/workspace/myblog/vendor/symfony/console/Command/Command.php:256
[13-Sep-2017 23:37:57 Asia/tokyo] PHP   9. Illuminate\Container\Container->call() /home/ubuntu/workspace/myblog/vendor/laravel/framework/src/Illuminate/Console/Command.php:169
[13-Sep-2017 23:37:57 Asia/tokyo] PHP  10. call_user_func_array:{/home/ubuntu/workspace/myblog/vendor/laravel/framework/src/Illuminate/Container/Container.php:507}() /home/ubuntu/workspace/myblog/vendor/laravel/framework/src/Illuminate/Container/Container.php:507
[13-Sep-2017 23:37:57 Asia/tokyo] PHP  11. Illuminate\Foundation\Console\TinkerCommand->fire() /home/ubuntu/workspace/myblog/vendor/laravel/framework/src/Illuminate/Container/Container.php:507
[13-Sep-2017 23:37:57 Asia/tokyo] PHP  12. Psy\Shell->run() /home/ubuntu/workspace/myblog/vendor/laravel/framework/src/Illuminate/Foundation/Console/TinkerCommand.php:54
[13-Sep-2017 23:37:57 Asia/tokyo] PHP  13. Symfony\Component\Console\Application->run() /home/ubuntu/workspace/myblog/vendor/psy/psysh/src/Psy/Shell.php:273
[13-Sep-2017 23:37:57 Asia/tokyo] PHP  14. Psy\Shell->doRun() /home/ubuntu/workspace/myblog/vendor/symfony/console/Application.php:117
[13-Sep-2017 23:37:57 Asia/tokyo] PHP  15. Psy\ExecutionLoop\ForkingLoop->run() /home/ubuntu/workspace/myblog/vendor/psy/psysh/src/Psy/Shell.php:307
[13-Sep-2017 23:37:57 Asia/tokyo] PHP  16. Psy\ExecutionLoop\Loop->run() /home/ubuntu/workspace/myblog/vendor/psy/psysh/src/Psy/ExecutionLoop/ForkingLoop.php:79
[13-Sep-2017 23:37:57 Asia/tokyo] PHP  17. Psy\ExecutionLoop\{closure}() /home/ubuntu/workspace/myblog/vendor/psy/psysh/src/Psy/ExecutionLoop/Loop.php:135
[13-Sep-2017 23:37:57 Asia/tokyo] PHP  18. eval() /home/ubuntu/workspace/myblog/vendor/psy/psysh/src/Psy/ExecutionLoop/Loop.php:79
[13-Sep-2017 23:39:59 Asia/tokyo] PHP Fatal error:  Call to undefined method stdClass::save() in /home/ubuntu/workspace/myblog/vendor/psy/psysh/src/Psy/ExecutionLoop/Loop.php(79) : eval()'d code on line 1
[13-Sep-2017 23:39:59 Asia/tokyo] PHP Stack trace:
[13-Sep-2017 23:39:59 Asia/tokyo] PHP   1. {main}() /home/ubuntu/workspace/myblog/artisan:0
[13-Sep-2017 23:39:59 Asia/tokyo] PHP   2. Illuminate\Foundation\Console\Kernel->handle() /home/ubuntu/workspace/myblog/artisan:36
[13-Sep-2017 23:39:59 Asia/tokyo] PHP   3. Symfony\Component\Console\Application->run() /home/ubuntu/workspace/myblog/vendor/laravel/framework/src/Illuminate/Foundation/Console/Kernel.php:107
[13-Sep-2017 23:39:59 Asia/tokyo] PHP   4. Symfony\Component\Console\Application->doRun() /home/ubuntu/workspace/myblog/vendor/symfony/console/Application.php:117
[13-Sep-2017 23:39:59 Asia/tokyo] PHP   5. Symfony\Component\Console\Application->doRunCommand() /home/ubuntu/workspace/myblog/vendor/symfony/console/Application.php:186
[13-Sep-2017 23:39:59 Asia/tokyo] PHP   6. Illuminate\Console\Command->run() /home/ubuntu/workspace/myblog/vendor/symfony/console/Application.php:794
[13-Sep-2017 23:39:59 Asia/tokyo] PHP   7. Symfony\Component\Console\Command\Command->run() /home/ubuntu/workspace/myblog/vendor/laravel/framework/src/Illuminate/Console/Command.php:155
[13-Sep-2017 23:39:59 Asia/tokyo] PHP   8. Illuminate\Console\Command->execute() /home/ubuntu/workspace/myblog/vendor/symfony/console/Command/Command.php:256
[13-Sep-2017 23:39:59 Asia/tokyo] PHP   9. Illuminate\Container\Container->call() /home/ubuntu/workspace/myblog/vendor/laravel/framework/src/Illuminate/Console/Command.php:169
[13-Sep-2017 23:39:59 Asia/tokyo] PHP  10. call_user_func_array:{/home/ubuntu/workspace/myblog/vendor/laravel/framework/src/Illuminate/Container/Container.php:507}() /home/ubuntu/workspace/myblog/vendor/laravel/framework/src/Illuminate/Container/Container.php:507
[13-Sep-2017 23:39:59 Asia/tokyo] PHP  11. Illuminate\Foundation\Console\TinkerCommand->fire() /home/ubuntu/workspace/myblog/vendor/laravel/framework/src/Illuminate/Container/Container.php:507
[13-Sep-2017 23:39:59 Asia/tokyo] PHP  12. Psy\Shell->run() /home/ubuntu/workspace/myblog/vendor/laravel/framework/src/Illuminate/Foundation/Console/TinkerCommand.php:54
[13-Sep-2017 23:39:59 Asia/tokyo] PHP  13. Symfony\Component\Console\Application->run() /home/ubuntu/workspace/myblog/vendor/psy/psysh/src/Psy/Shell.php:273
[13-Sep-2017 23:39:59 Asia/tokyo] PHP  14. Psy\Shell->doRun() /home/ubuntu/workspace/myblog/vendor/symfony/console/Application.php:117
[13-Sep-2017 23:39:59 Asia/tokyo] PHP  15. Psy\ExecutionLoop\ForkingLoop->run() /home/ubuntu/workspace/myblog/vendor/psy/psysh/src/Psy/Shell.php:307
[13-Sep-2017 23:39:59 Asia/tokyo] PHP  16. Psy\ExecutionLoop\Loop->run() /home/ubuntu/workspace/myblog/vendor/psy/psysh/src/Psy/ExecutionLoop/ForkingLoop.php:79
[13-Sep-2017 23:39:59 Asia/tokyo] PHP  17. Psy\ExecutionLoop\{closure}() /home/ubuntu/workspace/myblog/vendor/psy/psysh/src/Psy/ExecutionLoop/Loop.php:135
[13-Sep-2017 23:39:59 Asia/tokyo] PHP  18. eval() /home/ubuntu/workspace/myblog/vendor/psy/psysh/src/Psy/ExecutionLoop/Loop.php:79
[13-Sep-2017 23:44:46 Asia/tokyo] PHP Fatal error:  Call to undefined method stdClass::delete() in /home/ubuntu/workspace/myblog/vendor/psy/psysh/src/Psy/ExecutionLoop/Loop.php(79) : eval()'d code on line 1
[13-Sep-2017 23:44:46 Asia/tokyo] PHP Stack trace:
[13-Sep-2017 23:44:46 Asia/tokyo] PHP   1. {main}() /home/ubuntu/workspace/myblog/artisan:0
[13-Sep-2017 23:44:46 Asia/tokyo] PHP   2. Illuminate\Foundation\Console\Kernel->handle() /home/ubuntu/workspace/myblog/artisan:36
[13-Sep-2017 23:44:46 Asia/tokyo] PHP   3. Symfony\Component\Console\Application->run() /home/ubuntu/workspace/myblog/vendor/laravel/framework/src/Illuminate/Foundation/Console/Kernel.php:107
[13-Sep-2017 23:44:46 Asia/tokyo] PHP   4. Symfony\Component\Console\Application->doRun() /home/ubuntu/workspace/myblog/vendor/symfony/console/Application.php:117
[13-Sep-2017 23:44:46 Asia/tokyo] PHP   5. Symfony\Component\Console\Application->doRunCommand() /home/ubuntu/workspace/myblog/vendor/symfony/console/Application.php:186
[13-Sep-2017 23:44:46 Asia/tokyo] PHP   6. Illuminate\Console\Command->run() /home/ubuntu/workspace/myblog/vendor/symfony/console/Application.php:794
[13-Sep-2017 23:44:46 Asia/tokyo] PHP   7. Symfony\Component\Console\Command\Command->run() /home/ubuntu/workspace/myblog/vendor/laravel/framework/src/Illuminate/Console/Command.php:155
[13-Sep-2017 23:44:46 Asia/tokyo] PHP   8. Illuminate\Console\Command->execute() /home/ubuntu/workspace/myblog/vendor/symfony/console/Command/Command.php:256
[13-Sep-2017 23:44:46 Asia/tokyo] PHP   9. Illuminate\Container\Container->call() /home/ubuntu/workspace/myblog/vendor/laravel/framework/src/Illuminate/Console/Command.php:169
[13-Sep-2017 23:44:46 Asia/tokyo] PHP  10. call_user_func_array:{/home/ubuntu/workspace/myblog/vendor/laravel/framework/src/Illuminate/Container/Container.php:507}() /home/ubuntu/workspace/myblog/vendor/laravel/framework/src/Illuminate/Container/Container.php:507
[13-Sep-2017 23:44:46 Asia/tokyo] PHP  11. Illuminate\Foundation\Console\TinkerCommand->fire() /home/ubuntu/workspace/myblog/vendor/laravel/framework/src/Illuminate/Container/Container.php:507
[13-Sep-2017 23:44:46 Asia/tokyo] PHP  12. Psy\Shell->run() /home/ubuntu/workspace/myblog/vendor/laravel/framework/src/Illuminate/Foundation/Console/TinkerCommand.php:54
[13-Sep-2017 23:44:46 Asia/tokyo] PHP  13. Symfony\Component\Console\Application->run() /home/ubuntu/workspace/myblog/vendor/psy/psysh/src/Psy/Shell.php:273
[13-Sep-2017 23:44:46 Asia/tokyo] PHP  14. Psy\Shell->doRun() /home/ubuntu/workspace/myblog/vendor/symfony/console/Application.php:117
[13-Sep-2017 23:44:46 Asia/tokyo] PHP  15. Psy\ExecutionLoop\ForkingLoop->run() /home/ubuntu/workspace/myblog/vendor/psy/psysh/src/Psy/Shell.php:307
[13-Sep-2017 23:44:46 Asia/tokyo] PHP  16. Psy\ExecutionLoop\Loop->run() /home/ubuntu/workspace/myblog/vendor/psy/psysh/src/Psy/ExecutionLoop/ForkingLoop.php:79
[13-Sep-2017 23:44:46 Asia/tokyo] PHP  17. Psy\ExecutionLoop\{closure}() /home/ubuntu/workspace/myblog/vendor/psy/psysh/src/Psy/ExecutionLoop/Loop.php:135
[13-Sep-2017 23:44:46 Asia/tokyo] PHP  18. eval() /home/ubuntu/workspace/myblog/vendor/psy/psysh/src/Psy/ExecutionLoop/Loop.php:79
